c:\users\rhett\documents\visual studio 2013\projects\thesisproject\thesisproject\debug\vc120.pdb
c:\users\rhett\documents\visual studio 2013\projects\thesisproject\thesisproject\debug\vc120.idb
c:\users\rhett\documents\visual studio 2013\projects\thesisproject\thesisproject\debug\capturemodule.obj
c:\users\rhett\documents\visual studio 2013\projects\thesisproject\thesisproject\debug\captureappointment.obj
c:\users\rhett\documents\visual studio 2013\projects\thesisproject\thesisproject\debug\camerastream.obj
c:\users\rhett\documents\visual studio 2013\projects\thesisproject\thesisproject\debug\image.obj
c:\users\rhett\documents\visual studio 2013\projects\thesisproject\thesisproject\debug\phenotypicdata.obj
c:\users\rhett\documents\visual studio 2013\projects\thesisproject\thesisproject\debug\biomass obj.obj
c:\users\rhett\documents\visual studio 2013\projects\thesisproject\thesisproject\debug\biomass.obj
c:\users\rhett\documents\visual studio 2013\projects\thesisproject\thesisproject\debug\greenness.obj
c:\users\rhett\documents\visual studio 2013\projects\thesisproject\thesisproject\debug\preprocessor.obj
c:\users\rhett\documents\visual studio 2013\projects\thesisproject\debug\thesisproject.ilk
c:\users\rhett\documents\visual studio 2013\projects\thesisproject\debug\thesisproject.exe
c:\users\rhett\documents\visual studio 2013\projects\thesisproject\debug\thesisproject.pdb
c:\users\rhett\documents\visual studio 2013\projects\thesisproject\thesisproject\debug\thesisproject.tlog\cl.command.1.tlog
c:\users\rhett\documents\visual studio 2013\projects\thesisproject\thesisproject\debug\thesisproject.tlog\cl.read.1.tlog
c:\users\rhett\documents\visual studio 2013\projects\thesisproject\thesisproject\debug\thesisproject.tlog\cl.write.1.tlog
c:\users\rhett\documents\visual studio 2013\projects\thesisproject\thesisproject\debug\thesisproject.tlog\link.command.1.tlog
c:\users\rhett\documents\visual studio 2013\projects\thesisproject\thesisproject\debug\thesisproject.tlog\link.read.1.tlog
c:\users\rhett\documents\visual studio 2013\projects\thesisproject\thesisproject\debug\thesisproject.tlog\link.write.1.tlog
