Build started 3/13/2015 8:55:13 PM.
     1>Project "C:\Users\rhett\documents\visual studio 2013\Projects\thesisproject\thesisproject\thesisproject.vcxproj" on node 2 (Build target(s)).
     1>ClCompile:
         C:\Program Files (x86)\Microsoft Visual Studio 12.0\VC\bin\CL.exe /c /IC:\opencv\build\include /IC:\boost_1_57_0 /ZI /nologo /W3 /WX- /sdl /Od /Oy- /D WIN32 /D _CRT_SECURE_NO_WARNINGS /D _CRT_SECURE_NO_WARNINGS_DEBUG /D _CONSOLE /D _LIB /D _UNICODE /D UNICODE /Gm /EHsc /RTC1 /MDd /GS /fp:precise /Zc:wchar_t /Zc:forScope /Fo"Debug\\" /Fd"Debug\vc120.pdb" /Gd /TP /analyze- /errorReport:prompt Biomass.cpp CameraStream.cpp CaptureAppointment.cpp CaptureModule.cpp Greenness.cpp Image.cpp PhenotypicData.cpp Preprocessor.cpp
         Preprocessor.cpp
         PhenotypicData.cpp
     1>c:\users\rhett\documents\visual studio 2013\projects\thesisproject\thesisproject\cppconnection\sqlstring.h(36): warning C4251: 'sql::SQLString::realStr' : class 'std::basic_string<char,std::char_traits<char>,std::allocator<char>>' needs to have dll-interface to be used by clients of class 'sql::SQLString'
     1>c:\users\rhett\documents\visual studio 2013\projects\thesisproject\thesisproject\cppconnection\exception.h(59): warning C4251: 'sql::SQLException::sql_state' : class 'std::basic_string<char,std::char_traits<char>,std::allocator<char>>' needs to have dll-interface to be used by clients of class 'sql::SQLException'
         Image.cpp
     1>c:\users\rhett\documents\visual studio 2013\projects\thesisproject\thesisproject\cppconnection\sqlstring.h(36): warning C4251: 'sql::SQLString::realStr' : class 'std::basic_string<char,std::char_traits<char>,std::allocator<char>>' needs to have dll-interface to be used by clients of class 'sql::SQLString'
     1>c:\users\rhett\documents\visual studio 2013\projects\thesisproject\thesisproject\cppconnection\exception.h(59): warning C4251: 'sql::SQLException::sql_state' : class 'std::basic_string<char,std::char_traits<char>,std::allocator<char>>' needs to have dll-interface to be used by clients of class 'sql::SQLException'
         Greenness.cpp
     1>c:\users\rhett\documents\visual studio 2013\projects\thesisproject\thesisproject\greenness.cpp(110): warning C4244: 'initializing' : conversion from 'int' to 'float', possible loss of data
     1>c:\users\rhett\documents\visual studio 2013\projects\thesisproject\thesisproject\greenness.cpp(111): warning C4244: 'initializing' : conversion from 'int' to 'float', possible loss of data
     1>c:\users\rhett\documents\visual studio 2013\projects\thesisproject\thesisproject\greenness.cpp(112): warning C4244: 'initializing' : conversion from 'int' to 'float', possible loss of data
     1>c:\users\rhett\documents\visual studio 2013\projects\thesisproject\thesisproject\greenness.cpp(113): warning C4244: 'initializing' : conversion from 'int' to 'float', possible loss of data
     1>c:\users\rhett\documents\visual studio 2013\projects\thesisproject\thesisproject\greenness.cpp(169): warning C4244: '=' : conversion from 'double' to 'float', possible loss of data
         CaptureModule.cpp
     1>c:\users\rhett\documents\visual studio 2013\projects\thesisproject\thesisproject\cppconnection\sqlstring.h(36): warning C4251: 'sql::SQLString::realStr' : class 'std::basic_string<char,std::char_traits<char>,std::allocator<char>>' needs to have dll-interface to be used by clients of class 'sql::SQLString'
     1>c:\users\rhett\documents\visual studio 2013\projects\thesisproject\thesisproject\cppconnection\exception.h(59): warning C4251: 'sql::SQLException::sql_state' : class 'std::basic_string<char,std::char_traits<char>,std::allocator<char>>' needs to have dll-interface to be used by clients of class 'sql::SQLException'
     1>c:\users\rhett\documents\visual studio 2013\projects\thesisproject\thesisproject\capturemodule.cpp(73): warning C4018: '<' : signed/unsigned mismatch
     1>c:\users\rhett\documents\visual studio 2013\projects\thesisproject\thesisproject\capturemodule.cpp(78): warning C4018: '<' : signed/unsigned mismatch
         CaptureAppointment.cpp
     1>c:\users\rhett\documents\visual studio 2013\projects\thesisproject\thesisproject\cppconnection\sqlstring.h(36): warning C4251: 'sql::SQLString::realStr' : class 'std::basic_string<char,std::char_traits<char>,std::allocator<char>>' needs to have dll-interface to be used by clients of class 'sql::SQLString'
     1>c:\users\rhett\documents\visual studio 2013\projects\thesisproject\thesisproject\cppconnection\exception.h(59): warning C4251: 'sql::SQLException::sql_state' : class 'std::basic_string<char,std::char_traits<char>,std::allocator<char>>' needs to have dll-interface to be used by clients of class 'sql::SQLException'
         CameraStream.cpp
     1>c:\users\rhett\documents\visual studio 2013\projects\thesisproject\thesisproject\biomass.h(5): warning C4005: '_CRT_SECURE_NO_WARNINGS' : macro redefinition
                 command-line arguments :  see previous definition of '_CRT_SECURE_NO_WARNINGS'
     1>c:\users\rhett\documents\visual studio 2013\projects\thesisproject\thesisproject\cppconnection\sqlstring.h(36): warning C4251: 'sql::SQLString::realStr' : class 'std::basic_string<char,std::char_traits<char>,std::allocator<char>>' needs to have dll-interface to be used by clients of class 'sql::SQLString'
     1>c:\users\rhett\documents\visual studio 2013\projects\thesisproject\thesisproject\cppconnection\exception.h(59): warning C4251: 'sql::SQLException::sql_state' : class 'std::basic_string<char,std::char_traits<char>,std::allocator<char>>' needs to have dll-interface to be used by clients of class 'sql::SQLException'
         Biomass.cpp
     1>c:\users\rhett\documents\visual studio 2013\projects\thesisproject\thesisproject\biomass.h(5): warning C4005: '_CRT_SECURE_NO_WARNINGS' : macro redefinition
                 command-line arguments :  see previous definition of '_CRT_SECURE_NO_WARNINGS'
         Generating Code...
       Link:
         C:\Program Files (x86)\Microsoft Visual Studio 12.0\VC\bin\link.exe /ERRORREPORT:PROMPT /OUT:"C:\Users\rhett\documents\visual studio 2013\Projects\thesisproject\Debug\thesisproject.exe" /INCREMENTAL /NOLOGO /LIBPATH:C:\opencv\build\x86\vc12\lib /LIBPATH:C:\opencv\build\x86\vc12\bin opencv_calib3d249d.lib opencv_contrib249d.lib opencv_core249d.lib opencv_features2d249d.lib opencv_flann249d.lib opencv_gpu249d.lib opencv_highgui249d.lib opencv_imgproc249d.lib opencv_legacy249d.lib opencv_ml249d.lib opencv_nonfree249d.lib opencv_objdetect249d.lib opencv_photo249d.lib opencv_stitching249d.lib opencv_superres249d.lib opencv_ts249d.lib opencv_video249d.lib opencv_videostab249d.lib /MANIFEST /MANIFESTUAC:"level='asInvoker' uiAccess='false'" /manifest:embed /DEBUG /PDB:"C:\Users\rhett\documents\visual studio 2013\Projects\thesisproject\Debug\thesisproject.pdb" /SUBSYSTEM:CONSOLE /TLBID:1 /DYNAMICBASE /NXCOMPAT /IMPLIB:"C:\Users\rhett\documents\visual studio 2013\Projects\thesisproject\Debug\thesisproject.lib" /MACHINE:X86 Debug\Biomass.obj
         Debug\CameraStream.obj
         Debug\CaptureAppointment.obj
         Debug\CaptureModule.obj
         Debug\Greenness.obj
         Debug\Image.obj
         Debug\PhenotypicData.obj
         Debug\Preprocessor.obj
         thesisproject.vcxproj -> C:\Users\rhett\documents\visual studio 2013\Projects\thesisproject\Debug\thesisproject.exe
     1>Done Building Project "C:\Users\rhett\documents\visual studio 2013\Projects\thesisproject\thesisproject\thesisproject.vcxproj" (Build target(s)).

Build succeeded.

Time Elapsed 00:00:11.91
